<?xml version="1.0" encoding="UTF-8"?>
<testng-results ignored="0" total="1" passed="1" failed="0" skipped="0">
  <reporter-output>
  </reporter-output>
  <suite started-at="2023-10-23T19:41:02 IST" name="Default suite" finished-at="2023-10-23T19:41:34 IST" duration-ms="32127">
    <groups>
    </groups>
    <test started-at="2023-10-23T19:41:02 IST" name="Default test" finished-at="2023-10-23T19:41:34 IST" duration-ms="32127">
      <class name="com.sevenmartsupermarket.tests.LoginTest">
        <test-method is-config="true" signature="launchBrowser()[pri:0, instance:com.sevenmartsupermarket.tests.LoginTest@117159c0]" started-at="2023-10-23T19:41:02 IST" name="launchBrowser" finished-at="2023-10-23T19:41:32 IST" duration-ms="30463" status="PASS">
          <reporter-output>
          </reporter-output>
        </test-method> <!-- launchBrowser -->
        <test-method signature="verifyLogin()[pri:0, instance:com.sevenmartsupermarket.tests.LoginTest@117159c0]" started-at="2023-10-23T19:41:32 IST" name="verifyLogin" finished-at="2023-10-23T19:41:34 IST" duration-ms="1041" status="PASS">
          <reporter-output>
          </reporter-output>
        </test-method> <!-- verifyLogin -->
        <test-method is-config="true" signature="terminateSession(org.testng.ITestResult)[pri:0, instance:com.sevenmartsupermarket.tests.LoginTest@117159c0]" started-at="2023-10-23T19:41:34 IST" name="terminateSession" finished-at="2023-10-23T19:41:34 IST" duration-ms="424" status="PASS">
          <params>
            <param index="0">
              <value>
                <![CDATA[[TestResult name=verifyLogin status=SUCCESS method=LoginTest.verifyLogin()[pri:0, instance:com.sevenmartsupermarket.tests.LoginTest@117159c0] output={null}]]]>
              </value>
            </param>
          </params>
          <reporter-output>
          </reporter-output>
        </test-method> <!-- terminateSession -->
      </class> <!-- com.sevenmartsupermarket.tests.LoginTest -->
    </test> <!-- Default test -->
  </suite> <!-- Default suite -->
</testng-results>
