<?xml version="1.0" encoding="UTF-8"?>
<testng-results ignored="0" total="1" passed="1" failed="0" skipped="0">
  <reporter-output>
  </reporter-output>
  <suite started-at="2023-10-24T15:16:06 IST" name="Default suite" finished-at="2023-10-24T15:16:16 IST" duration-ms="9978">
    <groups>
    </groups>
    <test started-at="2023-10-24T15:16:06 IST" name="Default test" finished-at="2023-10-24T15:16:16 IST" duration-ms="9978">
      <class name="com.sevenmartsupermarket.tests.HomeTest">
        <test-method is-config="true" signature="launchBrowser()[pri:0, instance:com.sevenmartsupermarket.tests.HomeTest@58cbafc2]" started-at="2023-10-24T15:16:06 IST" name="launchBrowser" finished-at="2023-10-24T15:16:14 IST" duration-ms="7758" status="PASS">
          <reporter-output>
          </reporter-output>
        </test-method> <!-- launchBrowser -->
        <test-method signature="verifyCardTitle()[pri:0, instance:com.sevenmartsupermarket.tests.HomeTest@58cbafc2]" started-at="2023-10-24T15:16:14 IST" name="verifyCardTitle" finished-at="2023-10-24T15:16:16 IST" duration-ms="1811" status="PASS">
          <reporter-output>
          </reporter-output>
        </test-method> <!-- verifyCardTitle -->
        <test-method is-config="true" signature="terminateSession(org.testng.ITestResult)[pri:0, instance:com.sevenmartsupermarket.tests.HomeTest@58cbafc2]" started-at="2023-10-24T15:16:16 IST" name="terminateSession" finished-at="2023-10-24T15:16:16 IST" duration-ms="272" status="PASS">
          <params>
            <param index="0">
              <value>
                <![CDATA[[TestResult name=verifyCardTitle status=SUCCESS method=HomeTest.verifyCardTitle()[pri:0, instance:com.sevenmartsupermarket.tests.HomeTest@58cbafc2] output={null}]]]>
              </value>
            </param>
          </params>
          <reporter-output>
          </reporter-output>
        </test-method> <!-- terminateSession -->
      </class> <!-- com.sevenmartsupermarket.tests.HomeTest -->
    </test> <!-- Default test -->
  </suite> <!-- Default suite -->
</testng-results>
